<?xml version="1.0" encoding="UTF-8"?>
<testsuite xmlns:xsi="http://www.w3.org/2001/XMLSchema-instance" xsi:noNamespaceSchemaLocation="https://maven.apache.org/surefire/maven-surefire-plugin/xsd/surefire-test-report.xsd" name="com.paypal.bfs.test.employeeserv.impl.EmployeeResourceImplTest" time="1.736" tests="4" errors="0" skipped="0" failures="0">
  <properties>
[...]
</properties>
  <testcase name="getEmpById_Returns_404_When_Emp_Notfound" classname="com.paypal.bfs.test.employeeserv.impl.EmployeeResourceImplTest" time="0.247"/>
  <testcase name="saveEmployee_Returns_Error_When_Mandatory_Data_Missing" classname="com.paypal.bfs.test.employeeserv.impl.EmployeeResourceImplTest" time="0.502"/>
  <testcase name="getEmpById_Returns_Record_When_Emp_Found" classname="com.paypal.bfs.test.employeeserv.impl.EmployeeResourceImplTest" time="0.005"/>
  <testcase name="saveEmployee_Returns_Success_When_Emp_Data_Is_Valid" classname="com.paypal.bfs.test.employeeserv.impl.EmployeeResourceImplTest" time="0.014"/>
</testsuite>